# JRE version: OpenJDK Runtime Environment (8.0_112-b06) (build 1.8.0_112-release-b06)
# Java VM: OpenJDK 64-Bit Server VM (25.112-b06 mixed mode windows-amd64 compressed oops)
Heap:
 PSYoungGen      total 118272K, used 38733K [0x00000000e0000000, 0x00000000e9a80000, 0x0000000100000000)
  eden space 102912K, 22% used [0x00000000e0000000,0x00000000e16da1a8,0x00000000e6480000)
  from space 15360K, 99% used [0x00000000e8b80000,0x00000000e9a79370,0x00000000e9a80000)
  to   space 13824K, 0% used [0x00000000e6480000,0x00000000e6480000,0x00000000e7200000)
 ParOldGen       total 214016K, used 22184K [0x00000000a0000000, 0x00000000ad100000, 0x00000000e0000000)
  object space 214016K, 10% used [0x00000000a0000000,0x00000000a15aa090,0x00000000ad100000)
 Metaspace       used 49649K, capacity 51362K, committed 51584K, reserved 1093632K
  class space    used 6781K, capacity 7213K, committed 7296K, reserved 1048576K
GC Heap History (10 events):
Event: 33.578 GC heap before
{Heap before GC invocations=6 (full 1):
 PSYoungGen      total 93184K, used 54032K [0x00000000e0000000, 0x00000000e6880000, 0x0000000100000000)
  eden space 82432K, 56% used [0x00000000e0000000,0x00000000e2ddb7d8,0x00000000e5080000)
  from space 10752K, 65% used [0x00000000e5b00000,0x00000000e61e8988,0x00000000e6580000)
  to   space 10752K, 0% used [0x00000000e5080000,0x00000000e5080000,0x00000000e5b00000)
 ParOldGen       total 126976K, used 12732K [0x00000000a0000000, 0x00000000a7c00000, 0x00000000e0000000)
  object space 126976K, 10% used [0x00000000a0000000,0x00000000a0c6f3d8,0x00000000a7c00000)
 Metaspace       used 34536K, capacity 35290K, committed 35496K, reserved 1079296K
  class space    used 4662K, capacity 4850K, committed 4864K, reserved 1048576K
Event: 33.605 GC heap after
Heap after GC invocations=6 (full 1):
 PSYoungGen      total 93184K, used 10733K [0x00000000e0000000, 0x00000000e8400000, 0x0000000100000000)
  eden space 82432K, 0% used [0x00000000e0000000,0x00000000e0000000,0x00000000e5080000)
  from space 10752K, 99% used [0x00000000e5080000,0x00000000e5afb438,0x00000000e5b00000)
  to   space 14336K, 0% used [0x00000000e7600000,0x00000000e7600000,0x00000000e8400000)
 ParOldGen       total 126976K, used 13002K [0x00000000a0000000, 0x00000000a7c00000, 0x00000000e0000000)
  object space 126976K, 10% used [0x00000000a0000000,0x00000000a0cb2888,0x00000000a7c00000)
 Metaspace       used 34536K, capacity 35290K, committed 35496K, reserved 1079296K
  class space    used 4662K, capacity 4850K, committed 4864K, reserved 1048576K
}
Event: 33.605 GC heap before
{Heap before GC invocations=7 (full 2):
 PSYoungGen      total 93184K, used 10733K [0x00000000e0000000, 0x00000000e8400000, 0x0000000100000000)
  eden space 82432K, 0% used [0x00000000e0000000,0x00000000e0000000,0x00000000e5080000)
  from space 10752K, 99% used [0x00000000e5080000,0x00000000e5afb438,0x00000000e5b00000)
  to   space 14336K, 0% used [0x00000000e7600000,0x00000000e7600000,0x00000000e8400000)
 ParOldGen       total 126976K, used 13002K [0x00000000a0000000, 0x00000000a7c00000, 0x00000000e0000000)
  object space 126976K, 10% used [0x00000000a0000000,0x00000000a0cb2888,0x00000000a7c00000)
 Metaspace       used 34536K, capacity 35290K, committed 35496K, reserved 1079296K
  class space    used 4662K, capacity 4850K, committed 4864K, reserved 1048576K
Event: 33.921 GC heap after
Heap after GC invocations=7 (full 2):
 PSYoungGen      total 93184K, used 0K [0x00000000e0000000, 0x00000000e8400000, 0x0000000100000000)
  eden space 82432K, 0% used [0x00000000e0000000,0x00000000e0000000,0x00000000e5080000)
  from space 10752K, 0% used [0x00000000e5080000,0x00000000e5080000,0x00000000e5b00000)
  to   space 14336K, 0% used [0x00000000e7600000,0x00000000e7600000,0x00000000e8400000)
 ParOldGen       total 214016K, used 17108K [0x00000000a0000000, 0x00000000ad100000, 0x00000000e0000000)
  object space 214016K, 7% used [0x00000000a0000000,0x00000000a10b5190,0x00000000ad100000)
 Metaspace       used 34536K, capacity 35290K, committed 35496K, reserved 1079296K
  class space    used 4662K, capacity 4850K, committed 4864K, reserved 1048576K
}
Event: 38.155 GC heap before
{Heap before GC invocations=8 (full 2):
 PSYoungGen      total 93184K, used 82432K [0x00000000e0000000, 0x00000000e8400000, 0x0000000100000000)
  eden space 82432K, 100% used [0x00000000e0000000,0x00000000e5080000,0x00000000e5080000)
  from space 10752K, 0% used [0x00000000e5080000,0x00000000e5080000,0x00000000e5b00000)
  to   space 14336K, 0% used [0x00000000e7600000,0x00000000e7600000,0x00000000e8400000)
 ParOldGen       total 214016K, used 17108K [0x00000000a0000000, 0x00000000ad100000, 0x00000000e0000000)
  object space 214016K, 7% used [0x00000000a0000000,0x00000000a10b5190,0x00000000ad100000)
 Metaspace       used 38012K, capacity 38860K, committed 39168K, reserved 1083392K
  class space    used 5095K, capacity 5364K, committed 5376K, reserved 1048576K
Event: 38.178 GC heap after
Heap after GC invocations=8 (full 2):
 PSYoungGen      total 112640K, used 8447K [0x00000000e0000000, 0x00000000e7f80000, 0x0000000100000000)
  eden space 102912K, 0% used [0x00000000e0000000,0x00000000e0000000,0x00000000e6480000)
  from space 9728K, 86% used [0x00000000e7600000,0x00000000e7e3ffe0,0x00000000e7f80000)
  to   space 13824K, 0% used [0x00000000e6480000,0x00000000e6480000,0x00000000e7200000)
 ParOldGen       total 214016K, used 17116K [0x00000000a0000000, 0x00000000ad100000, 0x00000000e0000000)
  object space 214016K, 7% used [0x00000000a0000000,0x00000000a10b7190,0x00000000ad100000)
 Metaspace       used 38012K, capacity 38860K, committed 39168K, reserved 1083392K
  class space    used 5095K, capacity 5364K, committed 5376K, reserved 1048576K
}
Event: 48.698 GC heap before
{Heap before GC invocations=9 (full 2):
 PSYoungGen      total 112640K, used 111359K [0x00000000e0000000, 0x00000000e7f80000, 0x0000000100000000)
  eden space 102912K, 100% used [0x00000000e0000000,0x00000000e6480000,0x00000000e6480000)
  from space 9728K, 86% used [0x00000000e7600000,0x00000000e7e3ffe0,0x00000000e7f80000)
  to   space 13824K, 0% used [0x00000000e6480000,0x00000000e6480000,0x00000000e7200000)
 ParOldGen       total 214016K, used 17116K [0x00000000a0000000, 0x00000000ad100000, 0x00000000e0000000)
  object space 214016K, 7% used [0x00000000a0000000,0x00000000a10b7190,0x00000000ad100000)
 Metaspace       used 45273K, capacity 46492K, committed 46720K, reserved 1089536K
  class space    used 6085K, capacity 6408K, committed 6528K, reserved 1048576K
Event: 48.739 GC heap after
Heap after GC invocations=9 (full 2):
 PSYoungGen      total 116736K, used 13554K [0x00000000e0000000, 0x00000000e9a80000, 0x0000000100000000)
  eden space 102912K, 0% used [0x00000000e0000000,0x00000000e0000000,0x00000000e6480000)
  from space 13824K, 98% used [0x00000000e6480000,0x00000000e71bc998,0x00000000e7200000)
  to   space 15360K, 0% used [0x00000000e8b80000,0x00000000e8b80000,0x00000000e9a80000)
 ParOldGen       total 214016K, used 17124K [0x00000000a0000000, 0x00000000ad100000, 0x00000000e0000000)
  object space 214016K, 8% used [0x00000000a0000000,0x00000000a10b9190,0x00000000ad100000)
 Metaspace       used 45273K, capacity 46492K, committed 46720K, reserved 1089536K
  class space    used 6085K, capacity 6408K, committed 6528K, reserved 1048576K
}
Event: 54.946 GC heap before
{Heap before GC invocations=10 (full 2):
 PSYoungGen      total 116736K, used 116466K [0x00000000e0000000, 0x00000000e9a80000, 0x0000000100000000)
  eden space 102912K, 100% used [0x00000000e0000000,0x00000000e6480000,0x00000000e6480000)
  from space 13824K, 98% used [0x00000000e6480000,0x00000000e71bc998,0x00000000e7200000)
  to   space 15360K, 0% used [0x00000000e8b80000,0x00000000e8b80000,0x00000000e9a80000)
 ParOldGen       total 214016K, used 17124K [0x00000000a0000000, 0x00000000ad100000, 0x00000000e0000000)
  object space 214016K, 8% used [0x00000000a0000000,0x00000000a10b9190,0x00000000ad100000)
 Metaspace       used 49555K, capacity 51194K, committed 51328K, reserved 1093632K
  class space    used 6774K, capacity 7169K, committed 7296K, reserved 1048576K
Event: 55.028 GC heap after
Heap after GC invocations=10 (full 2):
 PSYoungGen      total 118272K, used 15332K [0x00000000e0000000, 0x00000000e9a80000, 0x0000000100000000)
  eden space 102912K, 0% used [0x00000000e0000000,0x00000000e0000000,0x00000000e6480000)
  from space 15360K, 99% used [0x00000000e8b80000,0x00000000e9a79370,0x00000000e9a80000)
  to   space 13824K, 0% used [0x00000000e6480000,0x00000000e6480000,0x00000000e7200000)
 ParOldGen       total 214016K, used 22184K [0x00000000a0000000, 0x00000000ad100000, 0x00000000e0000000)
  object space 214016K, 10% used [0x00000000a0000000,0x00000000a15aa090,0x00000000ad100000)
 Metaspace       used 49555K, capacity 51194K, committed 51328K, reserved 1093632K
  class space    used 6774K, capacity 7169K, committed 7296K, reserved 1048576K
}

